Arguments: 
  /usr/local/Cellar/node/11.4.0/bin/node /usr/local/Cellar/yarn/1.12.3/libexec/bin/yarn.js add jest

PATH: 
  /Users/polyana9350/bin:/usr/local/bin:/usr/bin:/bin:/usr/sbin:/sbin

Yarn version: 
  1.12.3

Node version: 
  11.4.0

Platform: 
  darwin x64

Trace: 
  SyntaxError: /Users/polyana9350/Documents/word-pattern/package.json: Unexpected end of JSON input
      at JSON.parse (<anonymous>)
      at /usr/local/Cellar/yarn/1.12.3/libexec/lib/cli.js:1631:59
      at Generator.next (<anonymous>)
      at step (/usr/local/Cellar/yarn/1.12.3/libexec/lib/cli.js:304:30)
      at /usr/local/Cellar/yarn/1.12.3/libexec/lib/cli.js:315:13

npm manifest: 
  

yarn manifest: 
  No manifest

Lockfile: 
  # THIS IS AN AUTOGENERATED FILE. DO NOT EDIT THIS FILE DIRECTLY.
  # yarn lockfile v1
